Waiting for MongoDB to become ready...
/docker-entrypoint-initdb.d/init_data.sh: line 11: mongo: command not found
MongoDB not ready, waiting...
/docker-entrypoint-initdb.d/init_data.sh: line 11: mongo: command not found
MongoDB not ready, waiting...
/docker-entrypoint-initdb.d/init_data.sh: line 11: mongo: command not found
MongoDB not ready, waiting...
/docker-entrypoint-initdb.d/init_data.sh: line 11: mongo: command not found
MongoDB not ready, waiting...
/docker-entrypoint-initdb.d/init_data.sh: line 11: mongo: command not found
MongoDB not ready, waiting...
/docker-entrypoint-initdb.d/init_data.sh: line 11: mongo: command not found
MongoDB not ready, waiting...
/docker-entrypoint-initdb.d/init_data.sh: line 11: mongo: command not found
MongoDB not ready, waiting...
/docker-entrypoint-initdb.d/init_data.sh: line 11: mongo: command not found
MongoDB not ready, waiting...
/docker-entrypoint-initdb.d/init_data.sh: line 11: mongo: command not found
MongoDB not ready, waiting...
/docker-entrypoint-initdb.d/init_data.sh: line 11: mongo: command not found
MongoDB not ready, waiting...
/docker-entrypoint-initdb.d/init_data.sh: line 11: mongo: command not found
MongoDB not ready, waiting...
/docker-entrypoint-initdb.d/init_data.sh: line 11: mongo: command not found
MongoDB not ready, waiting...
/docker-entrypoint-initdb.d/init_data.sh: line 11: mongo: command not found
MongoDB not ready, waiting...
/docker-entrypoint-initdb.d/init_data.sh: line 11: mongo: command not found
MongoDB not ready, waiting...
/docker-entrypoint-initdb.d/init_data.sh: line 11: mongo: command not found
MongoDB not ready, waiting...
/docker-entrypoint-initdb.d/init_data.sh: line 11: mongo: command not found
MongoDB not ready, waiting...
/docker-entrypoint-initdb.d/init_data.sh: line 11: mongo: command not found
MongoDB not ready, waiting...
/docker-entrypoint-initdb.d/init_data.sh: line 11: mongo: command not found
MongoDB not ready, waiting...
/docker-entrypoint-initdb.d/init_data.sh: line 11: mongo: command not found
MongoDB not ready, waiting...
/docker-entrypoint-initdb.d/init_data.sh: line 11: mongo: command not found
MongoDB not ready, waiting...
/docker-entrypoint-initdb.d/init_data.sh: line 11: mongo: command not found
MongoDB not ready, waiting...
/docker-entrypoint-initdb.d/init_data.sh: line 11: mongo: command not found
MongoDB not ready, waiting...
/docker-entrypoint-initdb.d/init_data.sh: line 11: mongo: command not found
MongoDB not ready, waiting...
/docker-entrypoint-initdb.d/init_data.sh: line 11: mongo: command not found
MongoDB not ready, waiting...
/docker-entrypoint-initdb.d/init_data.sh: line 11: mongo: command not found
MongoDB not ready, waiting...
/docker-entrypoint-initdb.d/init_data.sh: line 11: mongo: command not found
MongoDB not ready, waiting...
/docker-entrypoint-initdb.d/init_data.sh: line 11: mongo: command not found
MongoDB not ready, waiting...
/docker-entrypoint-initdb.d/init_data.sh: line 11: mongo: command not found
MongoDB not ready, waiting...
/docker-entrypoint-initdb.d/init_data.sh: line 11: mongo: command not found
MongoDB not ready, waiting...
/docker-entrypoint-initdb.d/init_data.sh: line 11: mongo: command not found
MongoDB not ready, waiting...
/docker-entrypoint-initdb.d/init_data.sh: line 11: mongo: command not found
MongoDB not ready, waiting...
/docker-entrypoint-initdb.d/init_data.sh: line 11: mongo: command not found
MongoDB not ready, waiting...
/docker-entrypoint-initdb.d/init_data.sh: line 11: mongo: command not found
MongoDB not ready, waiting...
/docker-entrypoint-initdb.d/init_data.sh: line 11: mongo: command not found
MongoDB not ready, waiting...
/docker-entrypoint-initdb.d/init_data.sh: line 11: mongo: command not found
MongoDB not ready, waiting...
/docker-entrypoint-initdb.d/init_data.sh: line 11: mongo: command not found
MongoDB not ready, waiting...
/docker-entrypoint-initdb.d/init_data.sh: line 11: mongo: command not found
MongoDB not ready, waiting...
/docker-entrypoint-initdb.d/init_data.sh: line 11: mongo: command not found
MongoDB not ready, waiting...
/docker-entrypoint-initdb.d/init_data.sh: line 11: mongo: command not found
MongoDB not ready, waiting...
/docker-entrypoint-initdb.d/init_data.sh: line 11: mongo: command not found
MongoDB not ready, waiting...
/docker-entrypoint-initdb.d/init_data.sh: line 11: mongo: command not found
MongoDB not ready, waiting...
/docker-entrypoint-initdb.d/init_data.sh: line 11: mongo: command not found
MongoDB not ready, waiting...
/docker-entrypoint-initdb.d/init_data.sh: line 11: mongo: command not found
MongoDB not ready, waiting...
/docker-entrypoint-initdb.d/init_data.sh: line 11: mongo: command not found
MongoDB not ready, waiting...
/docker-entrypoint-initdb.d/init_data.sh: line 11: mongo: command not found
MongoDB not ready, waiting...
/docker-entrypoint-initdb.d/init_data.sh: line 11: mongo: command not found
MongoDB not ready, waiting...
/docker-entrypoint-initdb.d/init_data.sh: line 11: mongo: command not found
MongoDB not ready, waiting...
/docker-entrypoint-initdb.d/init_data.sh: line 11: mongo: command not found
MongoDB not ready, waiting...
/docker-entrypoint-initdb.d/init_data.sh: line 11: mongo: command not found
MongoDB not ready, waiting...
/docker-entrypoint-initdb.d/init_data.sh: line 11: mongo: command not found
MongoDB not ready, waiting...
/docker-entrypoint-initdb.d/init_data.sh: line 11: mongo: command not found
MongoDB not ready, waiting...
/docker-entrypoint-initdb.d/init_data.sh: line 11: mongo: command not found
MongoDB not ready, waiting...
/docker-entrypoint-initdb.d/init_data.sh: line 11: mongo: command not found
MongoDB not ready, waiting...
/docker-entrypoint-initdb.d/init_data.sh: line 11: mongo: command not found
MongoDB not ready, waiting...
/docker-entrypoint-initdb.d/init_data.sh: line 11: mongo: command not found
MongoDB not ready, waiting...
/docker-entrypoint-initdb.d/init_data.sh: line 11: mongo: command not found
MongoDB not ready, waiting...
/docker-entrypoint-initdb.d/init_data.sh: line 11: mongo: command not found
MongoDB not ready, waiting...
/docker-entrypoint-initdb.d/init_data.sh: line 11: mongo: command not found
MongoDB not ready, waiting...
/docker-entrypoint-initdb.d/init_data.sh: line 11: mongo: command not found
MongoDB not ready, waiting...
/docker-entrypoint-initdb.d/init_data.sh: line 11: mongo: command not found
MongoDB not ready, waiting...
/docker-entrypoint-initdb.d/init_data.sh: line 11: mongo: command not found
MongoDB not ready, waiting...
/docker-entrypoint-initdb.d/init_data.sh: line 11: mongo: command not found
MongoDB not ready, waiting...
/docker-entrypoint-initdb.d/init_data.sh: line 11: mongo: command not found
MongoDB not ready, waiting...
/docker-entrypoint-initdb.d/init_data.sh: line 11: mongo: command not found
MongoDB not ready, waiting...
/docker-entrypoint-initdb.d/init_data.sh: line 11: mongo: command not found
MongoDB not ready, waiting...
/docker-entrypoint-initdb.d/init_data.sh: line 11: mongo: command not found
MongoDB not ready, waiting...
/docker-entrypoint-initdb.d/init_data.sh: line 11: mongo: command not found
MongoDB not ready, waiting...
/docker-entrypoint-initdb.d/init_data.sh: line 11: mongo: command not found
MongoDB not ready, waiting...
/docker-entrypoint-initdb.d/init_data.sh: line 11: mongo: command not found
MongoDB not ready, waiting...
/docker-entrypoint-initdb.d/init_data.sh: line 11: mongo: command not found
MongoDB not ready, waiting...
/docker-entrypoint-initdb.d/init_data.sh: line 11: mongo: command not found
MongoDB not ready, waiting...
/docker-entrypoint-initdb.d/init_data.sh: line 11: mongo: command not found
MongoDB not ready, waiting...
/docker-entrypoint-initdb.d/init_data.sh: line 11: mongo: command not found
MongoDB not ready, waiting...
/docker-entrypoint-initdb.d/init_data.sh: line 11: mongo: command not found
MongoDB not ready, waiting...
/docker-entrypoint-initdb.d/init_data.sh: line 11: mongo: command not found
MongoDB not ready, waiting...
/docker-entrypoint-initdb.d/init_data.sh: line 11: mongo: command not found
MongoDB not ready, waiting...
/docker-entrypoint-initdb.d/init_data.sh: line 11: mongo: command not found
MongoDB not ready, waiting...
/docker-entrypoint-initdb.d/init_data.sh: line 11: mongo: command not found
MongoDB not ready, waiting...
/docker-entrypoint-initdb.d/init_data.sh: line 11: mongo: command not found
MongoDB not ready, waiting...
/docker-entrypoint-initdb.d/init_data.sh: line 11: mongo: command not found
MongoDB not ready, waiting...
/docker-entrypoint-initdb.d/init_data.sh: line 11: mongo: command not found
MongoDB not ready, waiting...
/docker-entrypoint-initdb.d/init_data.sh: line 11: mongo: command not found
MongoDB not ready, waiting...
/docker-entrypoint-initdb.d/init_data.sh: line 11: mongo: command not found
MongoDB not ready, waiting...
Waiting for MongoDB to become ready...
/docker-entrypoint-initdb.d/init_data.sh: line 11: mongo: command not found
MongoDB not ready, waiting...
/docker-entrypoint-initdb.d/init_data.sh: line 11: mongo: command not found
MongoDB not ready, waiting...
/docker-entrypoint-initdb.d/init_data.sh: line 11: mongo: command not found
MongoDB not ready, waiting...
/docker-entrypoint-initdb.d/init_data.sh: line 11: mongo: command not found
MongoDB not ready, waiting...
/docker-entrypoint-initdb.d/init_data.sh: line 11: mongo: command not found
MongoDB not ready, waiting...
/docker-entrypoint-initdb.d/init_data.sh: line 11: mongo: command not found
MongoDB not ready, waiting...
/docker-entrypoint-initdb.d/init_data.sh: line 11: mongo: command not found
MongoDB not ready, waiting...
/docker-entrypoint-initdb.d/init_data.sh: line 11: mongo: command not found
MongoDB not ready, waiting...
/docker-entrypoint-initdb.d/init_data.sh: line 11: mongo: command not found
MongoDB not ready, waiting...
/docker-entrypoint-initdb.d/init_data.sh: line 11: mongo: command not found
MongoDB not ready, waiting...
/docker-entrypoint-initdb.d/init_data.sh: line 11: mongo: command not found
MongoDB not ready, waiting...
/docker-entrypoint-initdb.d/init_data.sh: line 11: mongo: command not found
MongoDB not ready, waiting...
/docker-entrypoint-initdb.d/init_data.sh: line 11: mongo: command not found
MongoDB not ready, waiting...
/docker-entrypoint-initdb.d/init_data.sh: line 11: mongo: command not found
MongoDB not ready, waiting...
/docker-entrypoint-initdb.d/init_data.sh: line 11: mongo: command not found
MongoDB not ready, waiting...
/docker-entrypoint-initdb.d/init_data.sh: line 11: mongo: command not found
MongoDB not ready, waiting...
/docker-entrypoint-initdb.d/init_data.sh: line 11: mongo: command not found
MongoDB not ready, waiting...
/docker-entrypoint-initdb.d/init_data.sh: line 11: mongo: command not found
MongoDB not ready, waiting...
/docker-entrypoint-initdb.d/init_data.sh: line 11: mongo: command not found
MongoDB not ready, waiting...
/docker-entrypoint-initdb.d/init_data.sh: line 11: mongo: command not found
MongoDB not ready, waiting...
/docker-entrypoint-initdb.d/init_data.sh: line 11: mongo: command not found
MongoDB not ready, waiting...
/docker-entrypoint-initdb.d/init_data.sh: line 11: mongo: command not found
MongoDB not ready, waiting...
/docker-entrypoint-initdb.d/init_data.sh: line 11: mongo: command not found
MongoDB not ready, waiting...
/docker-entrypoint-initdb.d/init_data.sh: line 11: mongo: command not found
MongoDB not ready, waiting...
/docker-entrypoint-initdb.d/init_data.sh: line 11: mongo: command not found
MongoDB not ready, waiting...
/docker-entrypoint-initdb.d/init_data.sh: line 11: mongo: command not found
MongoDB not ready, waiting...
/docker-entrypoint-initdb.d/init_data.sh: line 11: mongo: command not found
MongoDB not ready, waiting...
/docker-entrypoint-initdb.d/init_data.sh: line 11: mongo: command not found
MongoDB not ready, waiting...
/docker-entrypoint-initdb.d/init_data.sh: line 11: mongo: command not found
MongoDB not ready, waiting...
/docker-entrypoint-initdb.d/init_data.sh: line 11: mongo: command not found
MongoDB not ready, waiting...
/docker-entrypoint-initdb.d/init_data.sh: line 11: mongo: command not found
MongoDB not ready, waiting...
/docker-entrypoint-initdb.d/init_data.sh: line 11: mongo: command not found
MongoDB not ready, waiting...
/docker-entrypoint-initdb.d/init_data.sh: line 11: mongo: command not found
MongoDB not ready, waiting...
/docker-entrypoint-initdb.d/init_data.sh: line 11: mongo: command not found
MongoDB not ready, waiting...
/docker-entrypoint-initdb.d/init_data.sh: line 11: mongo: command not found
MongoDB not ready, waiting...
/docker-entrypoint-initdb.d/init_data.sh: line 11: mongo: command not found
MongoDB not ready, waiting...
/docker-entrypoint-initdb.d/init_data.sh: line 11: mongo: command not found
MongoDB not ready, waiting...
/docker-entrypoint-initdb.d/init_data.sh: line 11: mongo: command not found
MongoDB not ready, waiting...
/docker-entrypoint-initdb.d/init_data.sh: line 11: mongo: command not found
MongoDB not ready, waiting...
/docker-entrypoint-initdb.d/init_data.sh: line 11: mongo: command not found
MongoDB not ready, waiting...
/docker-entrypoint-initdb.d/init_data.sh: line 11: mongo: command not found
MongoDB not ready, waiting...
/docker-entrypoint-initdb.d/init_data.sh: line 11: mongo: command not found
MongoDB not ready, waiting...
/docker-entrypoint-initdb.d/init_data.sh: line 11: mongo: command not found
MongoDB not ready, waiting...
/docker-entrypoint-initdb.d/init_data.sh: line 11: mongo: command not found
MongoDB not ready, waiting...
/docker-entrypoint-initdb.d/init_data.sh: line 11: mongo: command not found
MongoDB not ready, waiting...
/docker-entrypoint-initdb.d/init_data.sh: line 11: mongo: command not found
MongoDB not ready, waiting...
/docker-entrypoint-initdb.d/init_data.sh: line 11: mongo: command not found
MongoDB not ready, waiting...
/docker-entrypoint-initdb.d/init_data.sh: line 11: mongo: command not found
MongoDB not ready, waiting...
/docker-entrypoint-initdb.d/init_data.sh: line 11: mongo: command not found
MongoDB not ready, waiting...
/docker-entrypoint-initdb.d/init_data.sh: line 11: mongo: command not found
MongoDB not ready, waiting...
/docker-entrypoint-initdb.d/init_data.sh: line 11: mongo: command not found
MongoDB not ready, waiting...
/docker-entrypoint-initdb.d/init_data.sh: line 11: mongo: command not found
MongoDB not ready, waiting...
/docker-entrypoint-initdb.d/init_data.sh: line 11: mongo: command not found
MongoDB not ready, waiting...
/docker-entrypoint-initdb.d/init_data.sh: line 11: mongo: command not found
MongoDB not ready, waiting...
/docker-entrypoint-initdb.d/init_data.sh: line 11: mongo: command not found
MongoDB not ready, waiting...
/docker-entrypoint-initdb.d/init_data.sh: line 11: mongo: command not found
MongoDB not ready, waiting...
/docker-entrypoint-initdb.d/init_data.sh: line 11: mongo: command not found
MongoDB not ready, waiting...
/docker-entrypoint-initdb.d/init_data.sh: line 11: mongo: command not found
MongoDB not ready, waiting...
/docker-entrypoint-initdb.d/init_data.sh: line 11: mongo: command not found
MongoDB not ready, waiting...
/docker-entrypoint-initdb.d/init_data.sh: line 11: mongo: command not found
MongoDB not ready, waiting...
/docker-entrypoint-initdb.d/init_data.sh: line 11: mongo: command not found
MongoDB not ready, waiting...
/docker-entrypoint-initdb.d/init_data.sh: line 11: mongo: command not found
MongoDB not ready, waiting...
/docker-entrypoint-initdb.d/init_data.sh: line 11: mongo: command not found
MongoDB not ready, waiting...
/docker-entrypoint-initdb.d/init_data.sh: line 11: mongo: command not found
MongoDB not ready, waiting...
/docker-entrypoint-initdb.d/init_data.sh: line 11: mongo: command not found
MongoDB not ready, waiting...
/docker-entrypoint-initdb.d/init_data.sh: line 11: mongo: command not found
MongoDB not ready, waiting...
/docker-entrypoint-initdb.d/init_data.sh: line 11: mongo: command not found
MongoDB not ready, waiting...
/docker-entrypoint-initdb.d/init_data.sh: line 11: mongo: command not found
MongoDB not ready, waiting...
/docker-entrypoint-initdb.d/init_data.sh: line 11: mongo: command not found
MongoDB not ready, waiting...
/docker-entrypoint-initdb.d/init_data.sh: line 11: mongo: command not found
MongoDB not ready, waiting...
/docker-entrypoint-initdb.d/init_data.sh: line 11: mongo: command not found
MongoDB not ready, waiting...
/docker-entrypoint-initdb.d/init_data.sh: line 11: mongo: command not found
MongoDB not ready, waiting...
/docker-entrypoint-initdb.d/init_data.sh: line 11: mongo: command not found
MongoDB not ready, waiting...
/docker-entrypoint-initdb.d/init_data.sh: line 11: mongo: command not found
MongoDB not ready, waiting...
/docker-entrypoint-initdb.d/init_data.sh: line 11: mongo: command not found
MongoDB not ready, waiting...
/docker-entrypoint-initdb.d/init_data.sh: line 11: mongo: command not found
MongoDB not ready, waiting...
/docker-entrypoint-initdb.d/init_data.sh: line 11: mongo: command not found
MongoDB not ready, waiting...
/docker-entrypoint-initdb.d/init_data.sh: line 11: mongo: command not found
MongoDB not ready, waiting...
/docker-entrypoint-initdb.d/init_data.sh: line 11: mongo: command not found
MongoDB not ready, waiting...
/docker-entrypoint-initdb.d/init_data.sh: line 11: mongo: command not found
MongoDB not ready, waiting...
/docker-entrypoint-initdb.d/init_data.sh: line 11: mongo: command not found
MongoDB not ready, waiting...
/docker-entrypoint-initdb.d/init_data.sh: line 11: mongo: command not found
MongoDB not ready, waiting...
/docker-entrypoint-initdb.d/init_data.sh: line 11: mongo: command not found
MongoDB not ready, waiting...
/docker-entrypoint-initdb.d/init_data.sh: line 11: mongo: command not found
MongoDB not ready, waiting...
/docker-entrypoint-initdb.d/init_data.sh: line 11: mongo: command not found
MongoDB not ready, waiting...
/docker-entrypoint-initdb.d/init_data.sh: line 11: mongo: command not found
MongoDB not ready, waiting...
/docker-entrypoint-initdb.d/init_data.sh: line 11: mongo: command not found
MongoDB not ready, waiting...
/docker-entrypoint-initdb.d/init_data.sh: line 11: mongo: command not found
MongoDB not ready, waiting...
/docker-entrypoint-initdb.d/init_data.sh: line 11: mongo: command not found
MongoDB not ready, waiting...
/docker-entrypoint-initdb.d/init_data.sh: line 11: mongo: command not found
MongoDB not ready, waiting...
/docker-entrypoint-initdb.d/init_data.sh: line 11: mongo: command not found
MongoDB not ready, waiting...
/docker-entrypoint-initdb.d/init_data.sh: line 11: mongo: command not found
MongoDB not ready, waiting...
/docker-entrypoint-initdb.d/init_data.sh: line 11: mongo: command not found
MongoDB not ready, waiting...
/docker-entrypoint-initdb.d/init_data.sh: line 11: mongo: command not found
MongoDB not ready, waiting...
/docker-entrypoint-initdb.d/init_data.sh: line 11: mongo: command not found
MongoDB not ready, waiting...
/docker-entrypoint-initdb.d/init_data.sh: line 11: mongo: command not found
MongoDB not ready, waiting...
/docker-entrypoint-initdb.d/init_data.sh: line 11: mongo: command not found
MongoDB not ready, waiting...
/docker-entrypoint-initdb.d/init_data.sh: line 11: mongo: command not found
MongoDB not ready, waiting...
/docker-entrypoint-initdb.d/init_data.sh: line 11: mongo: command not found
MongoDB not ready, waiting...
/docker-entrypoint-initdb.d/init_data.sh: line 11: mongo: command not found
MongoDB not ready, waiting...
/docker-entrypoint-initdb.d/init_data.sh: line 11: mongo: command not found
MongoDB not ready, waiting...
/docker-entrypoint-initdb.d/init_data.sh: line 11: mongo: command not found
MongoDB not ready, waiting...
/docker-entrypoint-initdb.d/init_data.sh: line 11: mongo: command not found
MongoDB not ready, waiting...
/docker-entrypoint-initdb.d/init_data.sh: line 11: mongo: command not found
MongoDB not ready, waiting...
/docker-entrypoint-initdb.d/init_data.sh: line 11: mongo: command not found
MongoDB not ready, waiting...
/docker-entrypoint-initdb.d/init_data.sh: line 11: mongo: command not found
MongoDB not ready, waiting...
Waiting for MongoDB to become ready...
/docker-entrypoint-initdb.d/init_data.sh: line 11: mongo: command not found
MongoDB not ready, waiting...
/docker-entrypoint-initdb.d/init_data.sh: line 11: mongo: command not found
MongoDB not ready, waiting...
/docker-entrypoint-initdb.d/init_data.sh: line 11: mongo: command not found
MongoDB not ready, waiting...
/docker-entrypoint-initdb.d/init_data.sh: line 11: mongo: command not found
MongoDB not ready, waiting...
/docker-entrypoint-initdb.d/init_data.sh: line 11: mongo: command not found
MongoDB not ready, waiting...
/docker-entrypoint-initdb.d/init_data.sh: line 11: mongo: command not found
MongoDB not ready, waiting...
/docker-entrypoint-initdb.d/init_data.sh: line 11: mongo: command not found
MongoDB not ready, waiting...
/docker-entrypoint-initdb.d/init_data.sh: line 11: mongo: command not found
MongoDB not ready, waiting...
/docker-entrypoint-initdb.d/init_data.sh: line 11: mongo: command not found
MongoDB not ready, waiting...
/docker-entrypoint-initdb.d/init_data.sh: line 11: mongo: command not found
MongoDB not ready, waiting...
/docker-entrypoint-initdb.d/init_data.sh: line 11: mongo: command not found
MongoDB not ready, waiting...
/docker-entrypoint-initdb.d/init_data.sh: line 11: mongo: command not found
MongoDB not ready, waiting...
/docker-entrypoint-initdb.d/init_data.sh: line 11: mongo: command not found
MongoDB not ready, waiting...
/docker-entrypoint-initdb.d/init_data.sh: line 11: mongo: command not found
MongoDB not ready, waiting...
/docker-entrypoint-initdb.d/init_data.sh: line 11: mongo: command not found
MongoDB not ready, waiting...
/docker-entrypoint-initdb.d/init_data.sh: line 11: mongo: command not found
MongoDB not ready, waiting...
/docker-entrypoint-initdb.d/init_data.sh: line 11: mongo: command not found
MongoDB not ready, waiting...
/docker-entrypoint-initdb.d/init_data.sh: line 11: mongo: command not found
MongoDB not ready, waiting...
/docker-entrypoint-initdb.d/init_data.sh: line 11: mongo: command not found
MongoDB not ready, waiting...
/docker-entrypoint-initdb.d/init_data.sh: line 11: mongo: command not found
MongoDB not ready, waiting...
/docker-entrypoint-initdb.d/init_data.sh: line 11: mongo: command not found
MongoDB not ready, waiting...
/docker-entrypoint-initdb.d/init_data.sh: line 11: mongo: command not found
MongoDB not ready, waiting...
/docker-entrypoint-initdb.d/init_data.sh: line 11: mongo: command not found
MongoDB not ready, waiting...
/docker-entrypoint-initdb.d/init_data.sh: line 11: mongo: command not found
MongoDB not ready, waiting...
/docker-entrypoint-initdb.d/init_data.sh: line 11: mongo: command not found
MongoDB not ready, waiting...
/docker-entrypoint-initdb.d/init_data.sh: line 11: mongo: command not found
MongoDB not ready, waiting...
/docker-entrypoint-initdb.d/init_data.sh: line 11: mongo: command not found
MongoDB not ready, waiting...
Waiting for MongoDB to become ready...
/docker-entrypoint-initdb.d/init_data.sh: line 11: mongo: command not found
MongoDB not ready, waiting...
/docker-entrypoint-initdb.d/init_data.sh: line 11: mongo: command not found
MongoDB not ready, waiting...
/docker-entrypoint-initdb.d/init_data.sh: line 11: mongo: command not found
MongoDB not ready, waiting...
/docker-entrypoint-initdb.d/init_data.sh: line 11: mongo: command not found
MongoDB not ready, waiting...
/docker-entrypoint-initdb.d/init_data.sh: line 11: mongo: command not found
MongoDB not ready, waiting...
/docker-entrypoint-initdb.d/init_data.sh: line 11: mongo: command not found
MongoDB not ready, waiting...
/docker-entrypoint-initdb.d/init_data.sh: line 11: mongo: command not found
MongoDB not ready, waiting...
/docker-entrypoint-initdb.d/init_data.sh: line 11: mongo: command not found
MongoDB not ready, waiting...
/docker-entrypoint-initdb.d/init_data.sh: line 11: mongo: command not found
MongoDB not ready, waiting...
/docker-entrypoint-initdb.d/init_data.sh: line 11: mongo: command not found
MongoDB not ready, waiting...
/docker-entrypoint-initdb.d/init_data.sh: line 11: mongo: command not found
MongoDB not ready, waiting...
/docker-entrypoint-initdb.d/init_data.sh: line 11: mongo: command not found
MongoDB not ready, waiting...
/docker-entrypoint-initdb.d/init_data.sh: line 11: mongo: command not found
MongoDB not ready, waiting...
/docker-entrypoint-initdb.d/init_data.sh: line 11: mongo: command not found
MongoDB not ready, waiting...
/docker-entrypoint-initdb.d/init_data.sh: line 11: mongo: command not found
MongoDB not ready, waiting...
/docker-entrypoint-initdb.d/init_data.sh: line 11: mongo: command not found
MongoDB not ready, waiting...
/docker-entrypoint-initdb.d/init_data.sh: line 11: mongo: command not found
MongoDB not ready, waiting...
/docker-entrypoint-initdb.d/init_data.sh: line 11: mongo: command not found
MongoDB not ready, waiting...
/docker-entrypoint-initdb.d/init_data.sh: line 11: mongo: command not found
MongoDB not ready, waiting...
/docker-entrypoint-initdb.d/init_data.sh: line 11: mongo: command not found
MongoDB not ready, waiting...
/docker-entrypoint-initdb.d/init_data.sh: line 11: mongo: command not found
MongoDB not ready, waiting...
/docker-entrypoint-initdb.d/init_data.sh: line 11: mongo: command not found
MongoDB not ready, waiting...
/docker-entrypoint-initdb.d/init_data.sh: line 11: mongo: command not found
MongoDB not ready, waiting...
/docker-entrypoint-initdb.d/init_data.sh: line 11: mongo: command not found
MongoDB not ready, waiting...
/docker-entrypoint-initdb.d/init_data.sh: line 11: mongo: command not found
MongoDB not ready, waiting...
/docker-entrypoint-initdb.d/init_data.sh: line 11: mongo: command not found
MongoDB not ready, waiting...
/docker-entrypoint-initdb.d/init_data.sh: line 11: mongo: command not found
MongoDB not ready, waiting...
/docker-entrypoint-initdb.d/init_data.sh: line 11: mongo: command not found
MongoDB not ready, waiting...
Waiting for MongoDB to become ready...
{ ok: 1 }
MongoDB is ready!
Starting data import...
2024-04-22T14:14:32.616+0000	error parsing command line options: unknown option "delimiter"
2024-04-22T14:14:32.617+0000	try 'mongoimport --help' for more information
Waiting for MongoDB to become ready...
{ ok: 1 }
MongoDB is ready!
Starting data import...
2024-04-29T11:46:53.416+0000	error parsing command line options: unknown option "delimiter"
2024-04-29T11:46:53.416+0000	try 'mongoimport --help' for more information
Waiting for MongoDB to become ready...
{ ok: 1 }
MongoDB is ready!
Starting data import...
2024-04-29T11:57:54.032+0000	error parsing command line options: unknown option "delimiter"
2024-04-29T11:57:54.032+0000	try 'mongoimport --help' for more information
Waiting for MongoDB to become ready...
{ ok: 1 }
MongoDB is ready!
Starting data import...
2024-04-29T12:23:55.845+0000	error validating settings: incompatible options: --fieldFile and --headerline
Waiting for MongoDB to become ready...
{ ok: 1 }
MongoDB is ready!
Starting data import...
2024-04-29T12:26:14.183+0000	Failed: open /emissions/schadstoffemissionen_1990-2022_nach_nfr_wide_1a3b1.csv: no such file or directory
2024-04-29T12:26:14.183+0000	0 document(s) imported successfully. 0 document(s) failed to import.
Waiting for MongoDB to become ready...
{ ok: 1 }
MongoDB is ready!
Starting data import...
2024-04-29T12:27:41.498+0000	Failed: could not parse type from header Region
2024-04-29T12:27:41.498+0000	0 document(s) imported successfully. 0 document(s) failed to import.
Waiting for MongoDB to become ready...
{ ok: 1 }
MongoDB is ready!
Starting data import...
2024-04-29T12:29:37.143+0000	Failed: could not parse type from header Region.string(),
2024-04-29T12:29:37.143+0000	0 document(s) imported successfully. 0 document(s) failed to import.
Waiting for MongoDB to become ready...
{ ok: 1 }
MongoDB is ready!
Starting data import...
2024-04-29T12:34:01.991+0000	Failed: could not parse type from header Region.string\(\),
2024-04-29T12:34:01.991+0000	0 document(s) imported successfully. 0 document(s) failed to import.
Waiting for MongoDB to become ready...
{ ok: 1 }
MongoDB is ready!
Starting data import...
2024-04-29T12:40:09.383+0000	connected to: mongodb://localhost/
2024-04-29T12:40:09.413+0000	918 document(s) imported successfully. 0 document(s) failed to import.
Emissions data import complete.
All data imports are done.
Waiting for MongoDB to become ready...
{ ok: 1 }
MongoDB is ready!
Starting data import...
2024-04-29T12:50:46.271+0000	connected to: mongodb://localhost/
2024-04-29T12:50:46.299+0000	918 document(s) imported successfully. 0 document(s) failed to import.
Emissions data import complete.
2024-04-29T12:50:46.305+0000	Failed: could not parse type from header 
2024-04-29T12:50:46.305+0000	0 document(s) imported successfully. 0 document(s) failed to import.
Waiting for MongoDB to become ready...
{ ok: 1 }
MongoDB is ready!
Starting data import...
2024-04-29T12:54:42.452+0000	connected to: mongodb://localhost/
2024-04-29T12:54:42.478+0000	918 document(s) imported successfully. 0 document(s) failed to import.
Emissions data import complete.
2024-04-29T12:54:42.484+0000	Failed: could not parse type from header 
2024-04-29T12:54:42.484+0000	0 document(s) imported successfully. 0 document(s) failed to import.
Waiting for MongoDB to become ready...
{ ok: 1 }
MongoDB is ready!
Starting data import...
2024-04-29T12:56:37.060+0000	Failed: could not parse type from header 
2024-04-29T12:56:37.060+0000	0 document(s) imported successfully. 0 document(s) failed to import.
Waiting for MongoDB to become ready...
{ ok: 1 }
MongoDB is ready!
Starting data import...
2024-04-29T13:02:46.431+0000	connected to: mongodb://localhost/
2024-04-29T13:02:46.462+0000	918 document(s) imported successfully. 0 document(s) failed to import.
Emissions data import complete.
All data imports are done.
Waiting for MongoDB to become ready...
{ ok: 1 }
MongoDB is ready!
Starting data import...
2024-04-29T13:03:23.444+0000	Failed: could not parse type from header 
2024-04-29T13:03:23.444+0000	0 document(s) imported successfully. 0 document(s) failed to import.
Waiting for MongoDB to become ready...
{ ok: 1 }
MongoDB is ready!
Starting data import...
2024-04-29T13:24:00.012+0000	Failed: could not parse type from header 
2024-04-29T13:24:00.012+0000	0 document(s) imported successfully. 0 document(s) failed to import.
Waiting for MongoDB to become ready...
{ ok: 1 }
MongoDB is ready!
Starting data import...
2024-04-29T13:26:47.626+0000	Failed: could not parse type from header 
2024-04-29T13:26:47.626+0000	0 document(s) imported successfully. 0 document(s) failed to import.
Waiting for MongoDB to become ready...
{ ok: 1 }
MongoDB is ready!
Starting data import...
2024-04-29T13:29:41.899+0000	connected to: mongodb://localhost/
2024-04-29T13:29:41.929+0000	918 document(s) imported successfully. 0 document(s) failed to import.
Emissions data import complete.
2024-04-29T13:29:41.935+0000	Failed: could not parse type from header 
2024-04-29T13:29:41.935+0000	0 document(s) imported successfully. 0 document(s) failed to import.
Waiting for MongoDB to become ready...
{ ok: 1 }
MongoDB is ready!
Starting data import...
2024-04-29T13:33:00.798+0000	connected to: mongodb://localhost/
2024-04-29T13:33:00.828+0000	918 document(s) imported successfully. 0 document(s) failed to import.
Emissions data import complete.
2024-04-29T13:33:00.834+0000	connected to: mongodb://localhost/
2024-04-29T13:33:00.944+0000	20954 document(s) imported successfully. 0 document(s) failed to import.
New cars data import complete.
2024-04-29T13:33:00.950+0000	connected to: mongodb://localhost/
2024-04-29T13:33:01.156+0000	37007 document(s) imported successfully. 0 document(s) failed to import.
Used cars data import complete.
All data imports are done.
Waiting for MongoDB to become ready...
{ ok: 1 }
MongoDB is ready!
Starting data import...
2024-04-29T13:35:26.831+0000	connected to: mongodb://localhost/
2024-04-29T13:35:26.860+0000	918 document(s) imported successfully. 0 document(s) failed to import.
Emissions data import complete.
2024-04-29T13:35:26.867+0000	connected to: mongodb://localhost/
2024-04-29T13:35:26.980+0000	20954 document(s) imported successfully. 0 document(s) failed to import.
New cars data import complete.
2024-04-29T13:35:26.986+0000	connected to: mongodb://localhost/
2024-04-29T13:35:27.181+0000	37007 document(s) imported successfully. 0 document(s) failed to import.
Used cars data import complete.
All data imports are done.
Waiting for MongoDB to become ready...
{ ok: 1 }
MongoDB is ready!
Starting data import...
2024-04-29T14:17:30.938+0000	connected to: mongodb://localhost/
2024-04-29T14:17:31.142+0000	918 document(s) imported successfully. 0 document(s) failed to import.
Emissions data import complete.
2024-04-29T14:17:32.192+0000	connected to: mongodb://localhost/
2024-04-29T14:17:32.892+0000	20954 document(s) imported successfully. 0 document(s) failed to import.
New cars data import complete.
2024-04-29T14:17:33.949+0000	connected to: mongodb://localhost/
2024-04-29T14:17:35.646+0000	37007 document(s) imported successfully. 0 document(s) failed to import.
Used cars data import complete.
All data imports are done.
Waiting for MongoDB to become ready...
{ ok: 1 }
MongoDB is ready!
Starting data import...
2024-04-30T19:03:09.764+0000	connected to: mongodb://localhost/
2024-04-30T19:03:09.792+0000	918 document(s) imported successfully. 0 document(s) failed to import.
Emissions data import complete.
2024-04-30T19:03:09.797+0000	connected to: mongodb://localhost/
2024-04-30T19:03:09.905+0000	20954 document(s) imported successfully. 0 document(s) failed to import.
New cars data import complete.
2024-04-30T19:03:09.911+0000	connected to: mongodb://localhost/
2024-04-30T19:03:10.109+0000	37007 document(s) imported successfully. 0 document(s) failed to import.
Used cars data import complete.
All data imports are done.
Waiting for MongoDB to become ready...
{ ok: 1 }
MongoDB is ready!
Starting data import...
2024-04-30T19:10:51.092+0000	connected to: mongodb://localhost/
2024-04-30T19:10:51.123+0000	918 document(s) imported successfully. 0 document(s) failed to import.
Emissions data import complete.
2024-04-30T19:10:51.129+0000	connected to: mongodb://localhost/
2024-04-30T19:10:51.242+0000	20954 document(s) imported successfully. 0 document(s) failed to import.
New cars data import complete.
2024-04-30T19:10:51.248+0000	connected to: mongodb://localhost/
2024-04-30T19:10:51.436+0000	37007 document(s) imported successfully. 0 document(s) failed to import.
Used cars data import complete.
All data imports are done.
Waiting for MongoDB to become ready...
{ ok: 1 }
MongoDB is ready!
Starting data import...
2024-05-01T12:06:17.177+0000	connected to: mongodb://localhost/
2024-05-01T12:06:17.205+0000	918 document(s) imported successfully. 0 document(s) failed to import.
Emissions data import complete.
2024-05-01T12:06:17.210+0000	connected to: mongodb://localhost/
2024-05-01T12:06:17.329+0000	20954 document(s) imported successfully. 0 document(s) failed to import.
New cars data import complete.
2024-05-01T12:06:17.335+0000	connected to: mongodb://localhost/
2024-05-01T12:06:17.519+0000	37007 document(s) imported successfully. 0 document(s) failed to import.
Used cars data import complete.
All data imports are done.
